<?xml version="1.0" encoding="UTF-8"?>
<testng-results skipped="0" failed="0" ignored="0" total="1" passed="1">
  <reporter-output>
  </reporter-output>
  <suite name="Suite" duration-ms="22499" started-at="2021-08-03T14:25:31 IST" finished-at="2021-08-03T14:25:54 IST">
    <groups>
    </groups>
    <test name="IphoneXS" duration-ms="22499" started-at="2021-08-03T14:25:31 IST" finished-at="2021-08-03T14:25:54 IST">
      <class name="testcases.TestCases">
        <test-method status="PASS" signature="testStart(java.lang.reflect.Method)[pri:0, instance:testcases.TestCases@729d991e]" name="testStart" is-config="true" duration-ms="23" started-at="2021-08-03T14:25:31 IST" finished-at="2021-08-03T14:25:31 IST">
          <params>
            <param index="0">
              <value>
                <![CDATA[public void testcases.TestCases.MOB_TC001_LogIntoTreatApp(java.lang.String,java.lang.String,java.lang.String)]]>
              </value>
            </param>
          </params>
          <reporter-output>
          </reporter-output>
        </test-method> <!-- testStart -->
        <test-method status="PASS" signature="MOB_TC001_LogIntoTreatApp(java.lang.String,java.lang.String,java.lang.String)[pri:0, instance:testcases.TestCases@729d991e]" name="MOB_TC001_LogIntoTreatApp" duration-ms="22312" started-at="2021-08-03T14:25:31 IST" finished-at="2021-08-03T14:25:54 IST">
          <params>
            <param index="0">
              <value>
                <![CDATA[IphoneXS]]>
              </value>
            </param>
            <param index="1">
              <value>
                <![CDATA[iPhone]]>
              </value>
            </param>
            <param index="2">
              <value>
                <![CDATA[XS]]>
              </value>
            </param>
          </params>
          <reporter-output>
          </reporter-output>
        </test-method> <!-- MOB_TC001_LogIntoTreatApp -->
      </class> <!-- testcases.TestCases -->
    </test> <!-- IphoneXS -->
  </suite> <!-- Suite -->
</testng-results>
